<?xml version="1.0" encoding="UTF-8"?>
<!-- Generated by org.testng.reporters.JUnitReportReporter -->
<testsuite hostname="LAPTOP-FQS9L6L8" failures="0" tests="1" name="scripts.MultipleWindowTest" time="16.699" errors="0" timestamp="2022-01-26T15:16:43 IST" skipped="0">
  <testcase classname="scripts.MultipleWindowTest" name="verifyMultipleWindow" time="16.699"/>
  <system-out/>
</testsuite> <!-- scripts.MultipleWindowTest -->
