<?xml version="1.0" encoding="UTF-8"?>
<!-- Generated by org.testng.reporters.JUnitReportReporter -->
<testsuite hostname="LAPTOP-FQS9L6L8" failures="0" tests="1" name="scripts.LoginTest" time="18.231" errors="0" timestamp="2022-01-15T15:52:32 IST" skipped="0">
  <testcase classname="scripts.LoginTest" name="verifyValidLogin" time="18.231"/>
  <system-out/>
</testsuite> <!-- scripts.LoginTest -->
