<?xml version="1.0" encoding="UTF-8"?>
<!-- Generated by org.testng.reporters.JUnitReportReporter -->
<testsuite hostname="LAPTOP-FQS9L6L8" failures="0" tests="1" name="scripts.ExWaitTest" time="10.282" errors="0" timestamp="2022-01-15T18:03:00 IST" skipped="0">
  <testcase classname="scripts.ExWaitTest" name="verifyFrameTest" time="10.282"/>
  <system-out/>
</testsuite> <!-- scripts.ExWaitTest -->
