<?xml version="1.0" encoding="UTF-8"?>
<!-- Generated by org.testng.reporters.JUnitReportReporter -->
<testsuite hostname="LAPTOP-FQS9L6L8" failures="0" tests="1" name="scripts.MultipleWindowTest" time="8.821" errors="0" timestamp="2022-01-18T17:03:44 IST" skipped="0">
  <testcase classname="scripts.MultipleWindowTest" name="verifyMultipleWindow" time="8.821"/>
  <system-out>
########launching......Chrome  </system-out>
</testsuite> <!-- scripts.MultipleWindowTest -->
