<?xml version="1.0" encoding="UTF-8"?>
<!-- Generated by org.testng.reporters.JUnitReportReporter -->
<testsuite hostname="LAPTOP-FQS9L6L8" failures="0" tests="1" name="scripts.LoginTest" time="8.994" errors="0" timestamp="2022-01-26T21:23:33 IST" skipped="0">
  <testcase classname="scripts.LoginTest" name="verifyLogin" time="8.994"/>
  <system-out/>
</testsuite> <!-- scripts.LoginTest -->
