<?xml version="1.0" encoding="UTF-8"?>
<!-- Generated by org.testng.reporters.JUnitReportReporter -->
<testsuite hostname="LAPTOP-FQS9L6L8" failures="0" tests="1" name="scripts.DragAndDropTest" time="7.002" errors="0" timestamp="2022-01-18T17:03:44 IST" skipped="0">
  <testcase classname="scripts.DragAndDropTest" name="verifrDragAndDrop" time="7.002"/>
  <system-out>
########launching......edge  </system-out>
</testsuite> <!-- scripts.DragAndDropTest -->
