<?xml version="1.0" encoding="UTF-8"?>
<!-- Generated by org.testng.reporters.JUnitReportReporter -->
<testsuite hostname="LAPTOP-FQS9L6L8" failures="0" tests="1" name="scripts.IframeTest" time="16.335" errors="0" timestamp="2022-01-15T16:25:21 IST" skipped="0">
  <testcase classname="scripts.IframeTest" name="verifyFrameTest" time="16.335"/>
  <system-out/>
</testsuite> <!-- scripts.IframeTest -->
