<?xml version="1.0" encoding="UTF-8"?>
<!-- Generated by org.testng.reporters.JUnitReportReporter -->
<testsuite hostname="LAPTOP-FQS9L6L8" failures="0" tests="1" name="scripts.MultipleWindowTest" time="17.712" errors="0" timestamp="2022-01-21T18:19:10 IST" skipped="0">
  <testcase classname="scripts.MultipleWindowTest" name="verifyMultipleWindow" time="17.712"/>
  <system-out>
########launching......Chrome  </system-out>
</testsuite> <!-- scripts.MultipleWindowTest -->
