<?xml version="1.0" encoding="UTF-8"?>
<!-- Generated by org.testng.reporters.JUnitReportReporter -->
<testsuite hostname="LAPTOP-FQS9L6L8" failures="0" tests="1" name="scripts.PhptTravelHomePageLoginTest" time="14.870" errors="0" timestamp="2022-02-11T19:21:23 IST" skipped="0">
  <testcase classname="scripts.PhptTravelHomePageLoginTest" name="verifyLogin" time="14.870"/>
  <system-out/>
</testsuite> <!-- scripts.PhptTravelHomePageLoginTest -->
